<?xml version="1.0" encoding="UTF-8"?>
<coverage generated="1504628288">
  <project timestamp="1504628288">
    <file name="/Users/rvn.plvhx/learn/php/event-dispatcher/src/Adapter/EventDispatcherAdapterInterface.php">
      <metrics loc="9" ncloc="9" classes="0" methods="0" coveredmethods="0" conditionals="0" coveredconditionals="0" statements="0" coveredstatements="0" elements="0" coveredelements="0"/>
    </file>
    <package name="Gandung\EventDispatcher\Adapter">
      <file name="/Users/rvn.plvhx/learn/php/event-dispatcher/src/Adapter/SymfonyEventDispatcher.php">
        <class name="SymfonyEventDispatcher" namespace="Gandung\EventDispatcher\Adapter">
          <metrics methods="9" coveredmethods="9" conditionals="0" coveredconditionals="0" statements="24" coveredstatements="24" elements="33" coveredelements="33"/>
        </class>
        <line num="15" type="method" name="__construct" crap="1" count="12"/>
        <line num="17" type="stmt" count="12"/>
        <line num="18" type="stmt" count="12"/>
        <line num="23" type="method" name="attachListener" crap="1" count="8"/>
        <line num="25" type="stmt" count="8"/>
        <line num="26" type="stmt" count="8"/>
        <line num="31" type="method" name="detachListener" crap="1" count="2"/>
        <line num="33" type="stmt" count="2"/>
        <line num="34" type="stmt" count="2"/>
        <line num="39" type="method" name="setListenerPriority" crap="4" count="1"/>
        <line num="40" type="stmt" count="1"/>
        <line num="41" type="stmt" count="1"/>
        <line num="42" type="stmt" count="1"/>
        <line num="44" type="stmt" count="1"/>
        <line num="45" type="stmt" count="1"/>
        <line num="46" type="stmt" count="1"/>
        <line num="47" type="stmt" count="1"/>
        <line num="49" type="stmt" count="1"/>
        <line num="51" type="stmt" count="1"/>
        <line num="52" type="stmt" count="1"/>
        <line num="53" type="stmt" count="1"/>
        <line num="58" type="method" name="getListenerPriority" crap="1" count="8"/>
        <line num="60" type="stmt" count="8"/>
        <line num="66" type="method" name="attachSubscriber" crap="1" count="3"/>
        <line num="68" type="stmt" count="3"/>
        <line num="69" type="stmt" count="3"/>
        <line num="74" type="method" name="detachSubscriber" crap="1" count="1"/>
        <line num="76" type="stmt" count="1"/>
        <line num="77" type="stmt" count="1"/>
        <line num="82" type="method" name="dispatch" crap="1" count="3"/>
        <line num="84" type="stmt" count="3"/>
        <line num="87" type="method" name="getAdapter" crap="1" count="7"/>
        <line num="89" type="stmt" count="7"/>
        <metrics loc="90" ncloc="66" classes="1" methods="9" coveredmethods="9" conditionals="0" coveredconditionals="0" statements="24" coveredstatements="24" elements="33" coveredelements="33"/>
      </file>
    </package>
    <package name="Gandung\EventDispatcher">
      <file name="/Users/rvn.plvhx/learn/php/event-dispatcher/src/Event.php">
        <class name="Event" namespace="Gandung\EventDispatcher">
          <metrics methods="2" coveredmethods="2" conditionals="0" coveredconditionals="0" statements="3" coveredstatements="3" elements="5" coveredelements="5"/>
        </class>
        <line num="12" type="method" name="stopPropagation" crap="1" count="1"/>
        <line num="14" type="stmt" count="1"/>
        <line num="15" type="stmt" count="1"/>
        <line num="17" type="method" name="isPropagationStopped" crap="1" count="3"/>
        <line num="19" type="stmt" count="3"/>
        <metrics loc="20" ncloc="17" classes="1" methods="2" coveredmethods="2" conditionals="0" coveredconditionals="0" statements="3" coveredstatements="3" elements="5" coveredelements="5"/>
      </file>
      <file name="/Users/rvn.plvhx/learn/php/event-dispatcher/src/EventContainer.php">
        <class name="EventContainer" namespace="Gandung\EventDispatcher">
          <metrics methods="5" coveredmethods="5" conditionals="0" coveredconditionals="0" statements="21" coveredstatements="21" elements="26" coveredelements="26"/>
        </class>
        <line num="15" type="method" name="offsetSet" crap="4" count="22"/>
        <line num="17" type="stmt" count="22"/>
        <line num="18" type="stmt" count="1"/>
        <line num="19" type="stmt" count="1"/>
        <line num="20" type="stmt" count="1"/>
        <line num="23" type="stmt" count="21"/>
        <line num="24" type="stmt" count="21"/>
        <line num="25" type="stmt" count="21"/>
        <line num="26" type="stmt" count="8"/>
        <line num="27" type="stmt" count="8"/>
        <line num="28" type="stmt" count="8"/>
        <line num="29" type="stmt" count="8"/>
        <line num="33" type="stmt" count="21"/>
        <line num="39" type="method" name="offsetGet" crap="1" count="17"/>
        <line num="41" type="stmt" count="17"/>
        <line num="47" type="method" name="offsetExists" crap="1" count="15"/>
        <line num="49" type="stmt" count="15"/>
        <line num="55" type="method" name="offsetUnset" crap="1" count="10"/>
        <line num="57" type="stmt" count="10"/>
        <line num="58" type="stmt" count="10"/>
        <line num="63" type="method" name="hasAnyListeners" crap="3" count="2"/>
        <line num="65" type="stmt" count="2"/>
        <line num="66" type="stmt" count="1"/>
        <line num="67" type="stmt" count="1"/>
        <line num="69" type="stmt" count="1"/>
        <line num="71" type="stmt" count="1"/>
        <metrics loc="72" ncloc="54" classes="1" methods="5" coveredmethods="5" conditionals="0" coveredconditionals="0" statements="21" coveredstatements="21" elements="26" coveredelements="26"/>
      </file>
      <file name="/Users/rvn.plvhx/learn/php/event-dispatcher/src/EventDispatcher.php">
        <class name="EventDispatcher" namespace="Gandung\EventDispatcher">
          <metrics methods="10" coveredmethods="10" conditionals="0" coveredconditionals="0" statements="71" coveredstatements="71" elements="81" coveredelements="81"/>
        </class>
        <line num="14" type="method" name="__construct" crap="1" count="21"/>
        <line num="16" type="stmt" count="21"/>
        <line num="17" type="stmt" count="21"/>
        <line num="22" type="method" name="attachListener" crap="1" count="17"/>
        <line num="24" type="stmt" count="17"/>
        <line num="25" type="stmt" count="17"/>
        <line num="26" type="stmt" count="17"/>
        <line num="28" type="stmt" count="17"/>
        <line num="29" type="stmt" count="17"/>
        <line num="34" type="method" name="detachListener" crap="4" count="9"/>
        <line num="36" type="stmt" count="9"/>
        <line num="37" type="stmt" count="4"/>
        <line num="40" type="stmt" count="9"/>
        <line num="42" type="stmt" count="9"/>
        <line num="44" type="stmt" count="9"/>
        <line num="45" type="stmt" count="5"/>
        <line num="46" type="stmt" count="5"/>
        <line num="48" type="stmt" count="5"/>
        <line num="50" type="stmt" count="9"/>
        <line num="51" type="stmt" count="8"/>
        <line num="56" type="method" name="getListeners" crap="3" count="4"/>
        <line num="59" type="stmt" count="4"/>
        <line num="60" type="stmt" count="4"/>
        <line num="61" type="stmt" count="4"/>
        <line num="62" type="stmt" count="4"/>
        <line num="68" type="method" name="hasListeners" crap="2" count="12"/>
        <line num="70" type="stmt" count="12"/>
        <line num="71" type="stmt" count="10"/>
        <line num="74" type="stmt" count="2"/>
        <line num="80" type="method" name="setListenerPriority" crap="2" count="3"/>
        <line num="82" type="stmt" count="3"/>
        <line num="83" type="stmt" count="1"/>
        <line num="86" type="stmt" count="2"/>
        <line num="87" type="stmt" count="2"/>
        <line num="88" type="stmt" count="2"/>
        <line num="89" type="stmt" count="2"/>
        <line num="90" type="stmt" count="2"/>
        <line num="91" type="stmt" count="2"/>
        <line num="92" type="stmt" count="2"/>
        <line num="97" type="method" name="getListenerPriority" crap="3" count="12"/>
        <line num="99" type="stmt" count="12"/>
        <line num="101" type="stmt" count="12"/>
        <line num="102" type="stmt" count="7"/>
        <line num="103" type="stmt" count="7"/>
        <line num="105" type="stmt" count="12"/>
        <line num="107" type="stmt" count="5"/>
        <line num="113" type="method" name="attachSubscriber" crap="9" count="5"/>
        <line num="115" type="stmt" count="5"/>
        <line num="116" type="stmt" count="5"/>
        <line num="117" type="stmt" count="1"/>
        <line num="118" type="stmt" count="5"/>
        <line num="119" type="stmt" count="1"/>
        <line num="120" type="stmt" count="1"/>
        <line num="121" type="stmt" count="1"/>
        <line num="122" type="stmt" count="4"/>
        <line num="123" type="stmt" count="4"/>
        <line num="124" type="stmt" count="4"/>
        <line num="126" type="stmt" count="5"/>
        <line num="127" type="stmt" count="5"/>
        <line num="132" type="method" name="detachSubscriber" crap="6" count="3"/>
        <line num="134" type="stmt" count="3"/>
        <line num="135" type="stmt" count="3"/>
        <line num="136" type="stmt" count="2"/>
        <line num="137" type="stmt" count="2"/>
        <line num="138" type="stmt" count="2"/>
        <line num="139" type="stmt" count="2"/>
        <line num="140" type="stmt" count="1"/>
        <line num="142" type="stmt" count="3"/>
        <line num="143" type="stmt" count="3"/>
        <line num="148" type="method" name="dispatch" crap="4" count="3"/>
        <line num="150" type="stmt" count="3"/>
        <line num="151" type="stmt" count="2"/>
        <line num="152" type="stmt" count="2"/>
        <line num="154" type="stmt" count="3"/>
        <line num="156" type="stmt" count="3"/>
        <line num="157" type="stmt" count="1"/>
        <line num="158" type="stmt" count="1"/>
        <line num="159" type="stmt" count="1"/>
        <line num="160" type="stmt" count="1"/>
        <line num="161" type="stmt" count="2"/>
        <line num="164" type="stmt" count="3"/>
        <metrics loc="166" ncloc="136" classes="1" methods="10" coveredmethods="10" conditionals="0" coveredconditionals="0" statements="71" coveredstatements="71" elements="81" coveredelements="81"/>
      </file>
      <file name="/Users/rvn.plvhx/learn/php/event-dispatcher/src/EventDispatcherFactory.php">
        <class name="EventDispatcherFactory" namespace="Gandung\EventDispatcher">
          <metrics methods="1" coveredmethods="1" conditionals="0" coveredconditionals="0" statements="1" coveredstatements="1" elements="2" coveredelements="2"/>
        </class>
        <line num="7" type="method" name="getDispatcher" crap="1" count="1"/>
        <line num="9" type="stmt" count="1"/>
        <metrics loc="10" ncloc="10" classes="1" methods="1" coveredmethods="1" conditionals="0" coveredconditionals="0" statements="1" coveredstatements="1" elements="2" coveredelements="2"/>
      </file>
      <file name="/Users/rvn.plvhx/learn/php/event-dispatcher/src/Listener.php">
        <class name="Listener" namespace="Gandung\EventDispatcher">
          <metrics methods="5" coveredmethods="5" conditionals="0" coveredconditionals="0" statements="13" coveredstatements="13" elements="18" coveredelements="18"/>
        </class>
        <line num="20" type="method" name="setListener" crap="1" count="21"/>
        <line num="22" type="stmt" count="21"/>
        <line num="23" type="stmt" count="21"/>
        <line num="28" type="method" name="setPriority" crap="1" count="21"/>
        <line num="30" type="stmt" count="21"/>
        <line num="31" type="stmt" count="21"/>
        <line num="36" type="method" name="getListener" crap="1" count="8"/>
        <line num="38" type="stmt" count="8"/>
        <line num="44" type="method" name="getPriority" crap="1" count="12"/>
        <line num="46" type="stmt" count="12"/>
        <line num="52" type="method" name="dispatch" crap="3" count="3"/>
        <line num="54" type="stmt" count="3"/>
        <line num="55" type="stmt" count="1"/>
        <line num="58" type="stmt" count="2"/>
        <line num="59" type="stmt" count="1"/>
        <line num="60" type="stmt" count="1"/>
        <line num="61" type="stmt" count="1"/>
        <line num="63" type="stmt" count="2"/>
        <metrics loc="63" ncloc="42" classes="1" methods="5" coveredmethods="5" conditionals="0" coveredconditionals="0" statements="13" coveredstatements="13" elements="18" coveredelements="18"/>
      </file>
    </package>
    <file name="/Users/rvn.plvhx/learn/php/event-dispatcher/src/EventDispatcherInterface.php">
      <metrics loc="68" ncloc="22" classes="0" methods="0" coveredmethods="0" conditionals="0" coveredconditionals="0" statements="0" coveredstatements="0" elements="0" coveredelements="0"/>
    </file>
    <file name="/Users/rvn.plvhx/learn/php/event-dispatcher/src/ListenerInterface.php">
      <metrics loc="40" ncloc="15" classes="0" methods="0" coveredmethods="0" conditionals="0" coveredconditionals="0" statements="0" coveredstatements="0" elements="0" coveredelements="0"/>
    </file>
    <metrics files="9" loc="538" ncloc="371" classes="6" methods="32" coveredmethods="32" conditionals="0" coveredconditionals="0" statements="133" coveredstatements="133" elements="165" coveredelements="165"/>
  </project>
</coverage>
